<?xml version="1.0" encoding="UTF-8"?>
<!-- Generated by org.testng.reporters.JUnitReportReporter -->
<testsuite hostname="DESKTOP-F7R8644" failures="0" tests="1" name="readExcel.ReadDAtaFromExcelUtil" time="81.436" errors="0" timestamp="2021-11-24T15:26:11 IST" skipped="0">
  <testcase classname="readExcel.ReadDAtaFromExcelUtil" name="readDataFromExcel" time="81.436"/>
  <system-out/>
</testsuite> <!-- readExcel.ReadDAtaFromExcelUtil -->
