<?xml version="1.0" encoding="UTF-8"?>
<!-- Generated by org.testng.reporters.JUnitReportReporter -->
<testsuite hostname="DESKTOP-F7R8644" failures="0" tests="3" name="com.Crm.vTiger.Leads.Tc000" time="0.031" errors="0" timestamp="2021-11-25T18:08:40 IST" skipped="0">
  <testcase classname="com.Crm.vTiger.Leads.Tc000" name="addToCart" time="0.006"/>
  <system-out>
    <![CDATA[Added to Cart]]>
  </system-out>
  <testcase classname="com.Crm.vTiger.Leads.Tc000" name="login" time="0.023"/>
  <system-out>
    <![CDATA[Login Successfully]]>
  </system-out>
  <testcase classname="com.Crm.vTiger.Leads.Tc000" name="purchase" time="0.002"/>
  <system-out>
    <![CDATA[Purchased]]>
  </system-out>
</testsuite> <!-- com.Crm.vTiger.Leads.Tc000 -->
