<?xml version="1.0" encoding="UTF-8"?>
<!-- Generated by org.testng.reporters.JUnitReportReporter -->
<testsuite hostname="DESKTOP-F7R8644" failures="0" tests="1" name="com.crm.javaUtil.JAvaUtilities" time="0.048" errors="0" timestamp="2021-11-24T12:38:47 IST" skipped="0">
  <testcase classname="com.crm.javaUtil.JAvaUtilities" name="getSystemDate" time="0.048"/>
  <system-out/>
</testsuite> <!-- com.crm.javaUtil.JAvaUtilities -->
