<?xml version="1.0" encoding="UTF-8"?>
<!-- Generated by org.testng.reporters.JUnitReportReporter -->
<testsuite hostname="DESKTOP-F7R8644" failures="0" tests="1" name="readJDBC.ReadDataFromJDBCUtility" time="0.440" errors="0" timestamp="2021-11-24T11:30:12 IST" skipped="0">
  <testcase classname="readJDBC.ReadDataFromJDBCUtility" name="execute" time="0.440"/>
  <system-out/>
</testsuite> <!-- readJDBC.ReadDataFromJDBCUtility -->
