<?xml version="1.0" encoding="UTF-8"?>
<!-- Generated by org.testng.reporters.JUnitReportReporter -->
<testsuite hostname="DESKTOP-F7R8644" failures="0" tests="1" name="readJson.ReadDataFromJsonUtility" time="74.827" errors="0" timestamp="2021-11-23T18:09:38 IST" skipped="0">
  <testcase classname="readJson.ReadDataFromJsonUtility" name="loginUsingJson" time="74.827"/>
  <system-out/>
</testsuite> <!-- readJson.ReadDataFromJsonUtility -->
