<?xml version="1.0" encoding="UTF-8"?>
<!-- Generated by org.testng.reporters.JUnitReportReporter -->
<testsuite hostname="DESKTOP-F7R8644" failures="0" tests="10" name="com.dataProvider1.DataProviderDemoTest" time="0.043" errors="0" timestamp="2021-11-26T12:05:39 IST" skipped="0">
  <testcase classname="com.dataProvider1.DataProviderDemoTest" name="ticketBook" time="0.003"/>
  <system-out/>
  <testcase classname="com.dataProvider1.DataProviderDemoTest" name="ticketBook" time="0.003"/>
  <system-out/>
  <testcase classname="com.dataProvider1.DataProviderDemoTest" name="ticketBook" time="0.003"/>
  <system-out/>
  <testcase classname="com.dataProvider1.DataProviderDemoTest" name="ticketBook" time="0.002"/>
  <system-out/>
  <testcase classname="com.dataProvider1.DataProviderDemoTest" name="ticketBook" time="0.003"/>
  <system-out/>
  <testcase classname="com.dataProvider1.DataProviderDemoTest" name="ticketBook" time="0.010"/>
  <system-out/>
  <testcase classname="com.dataProvider1.DataProviderDemoTest" name="ticketBook" time="0.004"/>
  <system-out/>
  <testcase classname="com.dataProvider1.DataProviderDemoTest" name="ticketBook" time="0.007"/>
  <system-out/>
  <testcase classname="com.dataProvider1.DataProviderDemoTest" name="ticketBook" time="0.005"/>
  <system-out/>
  <testcase classname="com.dataProvider1.DataProviderDemoTest" name="ticketBook" time="0.003"/>
  <system-out/>
</testsuite> <!-- com.dataProvider1.DataProviderDemoTest -->
